<?xml version="1.0" encoding="UTF-8"?>
<!-- Generated by org.testng.reporters.JUnitReportReporter -->
<testsuite hostname="LAPTOP-5CK4J9DQ" failures="0" tests="1" name="com.facebook.loginTests.LoginTest" time="3.487" errors="0" timestamp="2023-10-07T13:47:54 EDT" skipped="0">
  <testcase classname="com.facebook.loginTests.LoginTest" name="loginTest" time="3.487"/>
  <system-out/>
</testsuite> <!-- com.facebook.loginTests.LoginTest -->
