<?xml version="1.0" encoding="UTF-8"?>
<!-- Generated by org.testng.reporters.JUnitReportReporter -->
<testsuite hostname="LAPTOP-5CK4J9DQ" failures="0" tests="3" name="com.facebook.loginTests.LoginFunctionalTests" time="0.370" errors="0" timestamp="2023-10-07T13:30:58 EDT" skipped="0">
  <testcase classname="com.facebook.loginTests.LoginFunctionalTests" name="userNameTest" time="0.149"/>
  <system-out/>
  <testcase classname="com.facebook.loginTests.LoginFunctionalTests" name="passwordTest" time="0.156"/>
  <system-out/>
  <testcase classname="com.facebook.loginTests.LoginFunctionalTests" name="loginTest" time="0.065"/>
  <system-out/>
</testsuite> <!-- com.facebook.loginTests.LoginFunctionalTests -->
